{"/home/runner/workspace/db/index.ts": {"path":"/home/runner/workspace/db/index.ts","statementMap":{"0":{"start":{"line":1,"column":0},"end":{"line":1,"column":50}},"1":{"start":{"line":2,"column":0},"end":{"line":2,"column":32}},"2":{"start":{"line":3,"column":0},"end":{"line":3,"column":37}},"3":{"start":{"line":5,"column":0},"end":{"line":9,"column":1}},"4":{"start":{"line":6,"column":2},"end":{"line":8,"column":4}},"5":{"start":{"line":12,"column":15},"end":{"line":12,"column":49}},"6":{"start":{"line":14,"column":13},"end":{"line":14,"column":46}}},"fnMap":{},"branchMap":{"0":{"loc":{"start":{"line":5,"column":0},"end":{"line":9,"column":1}},"type":"if","locations":[{"start":{"line":5,"column":0},"end":{"line":9,"column":1}}]}},"s":{"0":1,"1":1,"2":1,"3":1,"4":0,"5":1,"6":1},"f":{},"b":{"0":[0]}}
,"/home/runner/workspace/db/schema.ts": {"path":"/home/runner/workspace/db/schema.ts","statementMap":{"0":{"start":{"line":1,"column":0},"end":{"line":1,"column":126}},"1":{"start":{"line":2,"column":0},"end":{"line":2,"column":69}},"2":{"start":{"line":3,"column":0},"end":{"line":3,"column":40}},"3":{"start":{"line":6,"column":13},"end":{"line":37,"column":3}},"4":{"start":{"line":39,"column":13},"end":{"line":70,"column":3}},"5":{"start":{"line":55,"column":52},"end":{"line":55,"column":60}},"6":{"start":{"line":72,"column":13},"end":{"line":87,"column":3}},"7":{"start":{"line":74,"column":48},"end":{"line":74,"column":57}},"8":{"start":{"line":75,"column":46},"end":{"line":75,"column":54}},"9":{"start":{"line":90,"column":13},"end":{"line":97,"column":3}},"10":{"start":{"line":94,"column":48},"end":{"line":94,"column":57}},"11":{"start":{"line":96,"column":52},"end":{"line":96,"column":60}},"12":{"start":{"line":100,"column":13},"end":{"line":109,"column":3}},"13":{"start":{"line":101,"column":62},"end":{"line":101,"column":78}},"14":{"start":{"line":102,"column":46},"end":{"line":102,"column":54}},"15":{"start":{"line":106,"column":2},"end":{"line":108,"column":4}},"16":{"start":{"line":111,"column":13},"end":{"line":120,"column":3}},"17":{"start":{"line":113,"column":50},"end":{"line":113,"column":58}},"18":{"start":{"line":114,"column":54},"end":{"line":114,"column":62}},"19":{"start":{"line":115,"column":62},"end":{"line":115,"column":78}},"20":{"start":{"line":123,"column":13},"end":{"line":132,"column":3}},"21":{"start":{"line":124,"column":54},"end":{"line":124,"column":62}},"22":{"start":{"line":125,"column":56},"end":{"line":125,"column":64}},"23":{"start":{"line":129,"column":2},"end":{"line":131,"column":4}},"24":{"start":{"line":135,"column":13},"end":{"line":144,"column":3}},"25":{"start":{"line":137,"column":52},"end":{"line":137,"column":60}},"26":{"start":{"line":143,"column":52},"end":{"line":143,"column":60}},"27":{"start":{"line":148,"column":13},"end":{"line":160,"column":3}},"28":{"start":{"line":150,"column":46},"end":{"line":150,"column":54}},"29":{"start":{"line":165,"column":13},"end":{"line":181,"column":3}},"30":{"start":{"line":168,"column":22},"end":{"line":168,"column":30}},"31":{"start":{"line":171,"column":10},"end":{"line":171,"column":30}},"32":{"start":{"line":184,"column":13},"end":{"line":200,"column":3}},"33":{"start":{"line":187,"column":22},"end":{"line":187,"column":30}},"34":{"start":{"line":203,"column":13},"end":{"line":218,"column":3}},"35":{"start":{"line":205,"column":62},"end":{"line":205,"column":78}},"36":{"start":{"line":206,"column":46},"end":{"line":206,"column":54}},"37":{"start":{"line":221,"column":13},"end":{"line":238,"column":4}},"38":{"start":{"line":221,"column":66},"end":{"line":238,"column":2}},"39":{"start":{"line":240,"column":13},"end":{"line":247,"column":4}},"40":{"start":{"line":240,"column":68},"end":{"line":247,"column":2}},"41":{"start":{"line":249,"column":13},"end":{"line":262,"column":4}},"42":{"start":{"line":249,"column":85},"end":{"line":262,"column":2}},"43":{"start":{"line":264,"column":13},"end":{"line":277,"column":4}},"44":{"start":{"line":264,"column":66},"end":{"line":277,"column":2}},"45":{"start":{"line":280,"column":13},"end":{"line":291,"column":4}},"46":{"start":{"line":280,"column":82},"end":{"line":291,"column":2}},"47":{"start":{"line":294,"column":13},"end":{"line":303,"column":4}},"48":{"start":{"line":294,"column":99},"end":{"line":303,"column":2}},"49":{"start":{"line":305,"column":13},"end":{"line":316,"column":4}},"50":{"start":{"line":305,"column":81},"end":{"line":316,"column":2}},"51":{"start":{"line":318,"column":13},"end":{"line":328,"column":4}},"52":{"start":{"line":318,"column":73},"end":{"line":328,"column":2}},"53":{"start":{"line":330,"column":13},"end":{"line":335,"column":4}},"54":{"start":{"line":330,"column":71},"end":{"line":335,"column":2}},"55":{"start":{"line":338,"column":13},"end":{"line":347,"column":4}},"56":{"start":{"line":338,"column":66},"end":{"line":347,"column":2}},"57":{"start":{"line":350,"column":13},"end":{"line":356,"column":4}},"58":{"start":{"line":350,"column":82},"end":{"line":356,"column":2}},"59":{"start":{"line":359,"column":13},"end":{"line":368,"column":4}},"60":{"start":{"line":359,"column":90},"end":{"line":368,"column":2}},"61":{"start":{"line":371,"column":13},"end":{"line":371,"column":58}},"62":{"start":{"line":372,"column":13},"end":{"line":372,"column":58}},"63":{"start":{"line":376,"column":13},"end":{"line":376,"column":60}},"64":{"start":{"line":377,"column":13},"end":{"line":377,"column":60}},"65":{"start":{"line":381,"column":13},"end":{"line":381,"column":64}},"66":{"start":{"line":382,"column":13},"end":{"line":382,"column":64}},"67":{"start":{"line":387,"column":13},"end":{"line":387,"column":74}},"68":{"start":{"line":388,"column":13},"end":{"line":388,"column":74}},"69":{"start":{"line":393,"column":13},"end":{"line":393,"column":96}},"70":{"start":{"line":394,"column":13},"end":{"line":394,"column":96}},"71":{"start":{"line":398,"column":13},"end":{"line":398,"column":82}},"72":{"start":{"line":399,"column":13},"end":{"line":399,"column":82}},"73":{"start":{"line":403,"column":13},"end":{"line":403,"column":78}},"74":{"start":{"line":404,"column":13},"end":{"line":404,"column":78}},"75":{"start":{"line":408,"column":13},"end":{"line":408,"column":70}},"76":{"start":{"line":409,"column":13},"end":{"line":409,"column":70}},"77":{"start":{"line":413,"column":13},"end":{"line":413,"column":67}},"78":{"start":{"line":414,"column":13},"end":{"line":414,"column":67}},"79":{"start":{"line":419,"column":13},"end":{"line":419,"column":64}},"80":{"start":{"line":420,"column":13},"end":{"line":420,"column":64}},"81":{"start":{"line":425,"column":13},"end":{"line":425,"column":74}},"82":{"start":{"line":426,"column":13},"end":{"line":426,"column":74}},"83":{"start":{"line":431,"column":13},"end":{"line":431,"column":88}},"84":{"start":{"line":432,"column":13},"end":{"line":432,"column":88}}},"fnMap":{"0":{"name":"(anonymous_0)","decl":{"start":{"line":55,"column":46},"end":{"line":55,"column":49}},"loc":{"start":{"line":55,"column":52},"end":{"line":55,"column":60}}},"1":{"name":"(anonymous_1)","decl":{"start":{"line":74,"column":42},"end":{"line":74,"column":45}},"loc":{"start":{"line":74,"column":48},"end":{"line":74,"column":57}}},"2":{"name":"(anonymous_2)","decl":{"start":{"line":75,"column":40},"end":{"line":75,"column":43}},"loc":{"start":{"line":75,"column":46},"end":{"line":75,"column":54}}},"3":{"name":"(anonymous_3)","decl":{"start":{"line":94,"column":42},"end":{"line":94,"column":45}},"loc":{"start":{"line":94,"column":48},"end":{"line":94,"column":57}}},"4":{"name":"(anonymous_4)","decl":{"start":{"line":96,"column":46},"end":{"line":96,"column":49}},"loc":{"start":{"line":96,"column":52},"end":{"line":96,"column":60}}},"5":{"name":"(anonymous_5)","decl":{"start":{"line":101,"column":56},"end":{"line":101,"column":59}},"loc":{"start":{"line":101,"column":62},"end":{"line":101,"column":78}}},"6":{"name":"(anonymous_6)","decl":{"start":{"line":102,"column":40},"end":{"line":102,"column":43}},"loc":{"start":{"line":102,"column":46},"end":{"line":102,"column":54}}},"7":{"name":"(anonymous_7)","decl":{"start":{"line":105,"column":3},"end":{"line":105,"column":4}},"loc":{"start":{"line":105,"column":13},"end":{"line":109,"column":1}}},"8":{"name":"(anonymous_8)","decl":{"start":{"line":113,"column":44},"end":{"line":113,"column":47}},"loc":{"start":{"line":113,"column":50},"end":{"line":113,"column":58}}},"9":{"name":"(anonymous_9)","decl":{"start":{"line":114,"column":48},"end":{"line":114,"column":51}},"loc":{"start":{"line":114,"column":54},"end":{"line":114,"column":62}}},"10":{"name":"(anonymous_10)","decl":{"start":{"line":115,"column":56},"end":{"line":115,"column":59}},"loc":{"start":{"line":115,"column":62},"end":{"line":115,"column":78}}},"11":{"name":"(anonymous_11)","decl":{"start":{"line":124,"column":48},"end":{"line":124,"column":51}},"loc":{"start":{"line":124,"column":54},"end":{"line":124,"column":62}}},"12":{"name":"(anonymous_12)","decl":{"start":{"line":125,"column":50},"end":{"line":125,"column":53}},"loc":{"start":{"line":125,"column":56},"end":{"line":125,"column":64}}},"13":{"name":"(anonymous_13)","decl":{"start":{"line":128,"column":3},"end":{"line":128,"column":4}},"loc":{"start":{"line":128,"column":13},"end":{"line":132,"column":1}}},"14":{"name":"(anonymous_14)","decl":{"start":{"line":137,"column":46},"end":{"line":137,"column":49}},"loc":{"start":{"line":137,"column":52},"end":{"line":137,"column":60}}},"15":{"name":"(anonymous_15)","decl":{"start":{"line":143,"column":46},"end":{"line":143,"column":49}},"loc":{"start":{"line":143,"column":52},"end":{"line":143,"column":60}}},"16":{"name":"(anonymous_16)","decl":{"start":{"line":150,"column":40},"end":{"line":150,"column":43}},"loc":{"start":{"line":150,"column":46},"end":{"line":150,"column":54}}},"17":{"name":"(anonymous_17)","decl":{"start":{"line":168,"column":16},"end":{"line":168,"column":19}},"loc":{"start":{"line":168,"column":22},"end":{"line":168,"column":30}}},"18":{"name":"(anonymous_18)","decl":{"start":{"line":171,"column":4},"end":{"line":171,"column":7}},"loc":{"start":{"line":171,"column":10},"end":{"line":171,"column":30}}},"19":{"name":"(anonymous_19)","decl":{"start":{"line":187,"column":16},"end":{"line":187,"column":19}},"loc":{"start":{"line":187,"column":22},"end":{"line":187,"column":30}}},"20":{"name":"(anonymous_20)","decl":{"start":{"line":205,"column":56},"end":{"line":205,"column":59}},"loc":{"start":{"line":205,"column":62},"end":{"line":205,"column":78}}},"21":{"name":"(anonymous_21)","decl":{"start":{"line":206,"column":40},"end":{"line":206,"column":43}},"loc":{"start":{"line":206,"column":46},"end":{"line":206,"column":54}}},"22":{"name":"(anonymous_22)","decl":{"start":{"line":221,"column":46},"end":{"line":221,"column":47}},"loc":{"start":{"line":221,"column":66},"end":{"line":238,"column":2}}},"23":{"name":"(anonymous_23)","decl":{"start":{"line":240,"column":48},"end":{"line":240,"column":49}},"loc":{"start":{"line":240,"column":68},"end":{"line":247,"column":2}}},"24":{"name":"(anonymous_24)","decl":{"start":{"line":249,"column":71},"end":{"line":249,"column":72}},"loc":{"start":{"line":249,"column":85},"end":{"line":262,"column":2}}},"25":{"name":"(anonymous_25)","decl":{"start":{"line":264,"column":52},"end":{"line":264,"column":53}},"loc":{"start":{"line":264,"column":66},"end":{"line":277,"column":2}}},"26":{"name":"(anonymous_26)","decl":{"start":{"line":280,"column":62},"end":{"line":280,"column":63}},"loc":{"start":{"line":280,"column":82},"end":{"line":291,"column":2}}},"27":{"name":"(anonymous_27)","decl":{"start":{"line":294,"column":85},"end":{"line":294,"column":86}},"loc":{"start":{"line":294,"column":99},"end":{"line":303,"column":2}}},"28":{"name":"(anonymous_28)","decl":{"start":{"line":305,"column":67},"end":{"line":305,"column":68}},"loc":{"start":{"line":305,"column":81},"end":{"line":316,"column":2}}},"29":{"name":"(anonymous_29)","decl":{"start":{"line":318,"column":59},"end":{"line":318,"column":60}},"loc":{"start":{"line":318,"column":73},"end":{"line":328,"column":2}}},"30":{"name":"(anonymous_30)","decl":{"start":{"line":330,"column":57},"end":{"line":330,"column":58}},"loc":{"start":{"line":330,"column":71},"end":{"line":335,"column":2}}},"31":{"name":"(anonymous_31)","decl":{"start":{"line":338,"column":52},"end":{"line":338,"column":53}},"loc":{"start":{"line":338,"column":66},"end":{"line":347,"column":2}}},"32":{"name":"(anonymous_32)","decl":{"start":{"line":350,"column":62},"end":{"line":350,"column":63}},"loc":{"start":{"line":350,"column":82},"end":{"line":356,"column":2}}},"33":{"name":"(anonymous_33)","decl":{"start":{"line":359,"column":76},"end":{"line":359,"column":77}},"loc":{"start":{"line":359,"column":90},"end":{"line":368,"column":2}}}},"branchMap":{},"s":{"0":1,"1":1,"2":1,"3":1,"4":1,"5":0,"6":1,"7":0,"8":0,"9":1,"10":0,"11":0,"12":1,"13":0,"14":0,"15":1,"16":1,"17":0,"18":0,"19":0,"20":1,"21":0,"22":0,"23":1,"24":1,"25":0,"26":0,"27":1,"28":0,"29":1,"30":0,"31":0,"32":1,"33":0,"34":1,"35":0,"36":0,"37":1,"38":1,"39":1,"40":1,"41":1,"42":1,"43":1,"44":1,"45":1,"46":1,"47":1,"48":1,"49":1,"50":1,"51":1,"52":1,"53":1,"54":1,"55":1,"56":1,"57":1,"58":1,"59":1,"60":1,"61":1,"62":1,"63":1,"64":1,"65":1,"66":1,"67":1,"68":1,"69":1,"70":1,"71":1,"72":1,"73":1,"74":1,"75":1,"76":1,"77":1,"78":1,"79":1,"80":1,"81":1,"82":1,"83":1,"84":1},"f":{"0":0,"1":0,"2":0,"3":0,"4":0,"5":0,"6":0,"7":1,"8":0,"9":0,"10":0,"11":0,"12":0,"13":1,"14":0,"15":0,"16":0,"17":0,"18":0,"19":0,"20":0,"21":0,"22":1,"23":1,"24":1,"25":1,"26":1,"27":1,"28":1,"29":1,"30":1,"31":1,"32":1,"33":1},"b":{}}
,"/home/runner/workspace/server/services/messagingService.ts": {"path":"/home/runner/workspace/server/services/messagingService.ts","statementMap":{"0":{"start":{"line":19,"column":0},"end":{"line":19,"column":22}},"1":{"start":{"line":80,"column":0},"end":{"line":80,"column":22}},"2":{"start":{"line":212,"column":0},"end":{"line":212,"column":22}},"3":{"start":{"line":241,"column":0},"end":{"line":241,"column":22}},"4":{"start":{"line":297,"column":0},"end":{"line":297,"column":22}},"5":{"start":{"line":310,"column":0},"end":{"line":310,"column":22}},"6":{"start":{"line":319,"column":0},"end":{"line":319,"column":22}},"7":{"start":{"line":371,"column":0},"end":{"line":371,"column":22}},"8":{"start":{"line":418,"column":0},"end":{"line":418,"column":22}},"9":{"start":{"line":1,"column":0},"end":{"line":1,"column":30}},"10":{"start":{"line":2,"column":0},"end":{"line":2,"column":null}},"11":{"start":{"line":16,"column":0},"end":{"line":16,"column":57}},"12":{"start":{"line":19,"column":34},"end":{"line":77,"column":null}},"13":{"start":{"line":25,"column":27},"end":{"line":38,"column":4}},"14":{"start":{"line":41,"column":2},"end":{"line":45,"column":3}},"15":{"start":{"line":42,"column":4},"end":{"line":42,"column":102}},"16":{"start":{"line":48,"column":33},"end":{"line":54,"column":4}},"17":{"start":{"line":56,"column":17},"end":{"line":56,"column":73}},"18":{"start":{"line":59,"column":17},"end":{"line":66,"column":4}},"19":{"start":{"line":69,"column":2},"end":{"line":74,"column":3}},"20":{"start":{"line":70,"column":4},"end":{"line":73,"column":7}},"21":{"start":{"line":76,"column":2},"end":{"line":76,"column":16}},"22":{"start":{"line":82,"column":28},"end":{"line":104,"column":4}},"23":{"start":{"line":106,"column":30},"end":{"line":106,"column":32}},"24":{"start":{"line":108,"column":2},"end":{"line":193,"column":3}},"25":{"start":{"line":109,"column":25},"end":{"line":109,"column":46}},"26":{"start":{"line":112,"column":4},"end":{"line":112,"column":32}},"27":{"start":{"line":112,"column":23},"end":{"line":112,"column":32}},"28":{"start":{"line":115,"column":26},"end":{"line":128,"column":6}},"29":{"start":{"line":131,"column":4},"end":{"line":131,"column":33}},"30":{"start":{"line":131,"column":24},"end":{"line":131,"column":33}},"31":{"start":{"line":134,"column":27},"end":{"line":140,"column":6}},"32":{"start":{"line":144,"column":4},"end":{"line":190,"column":5}},"33":{"start":{"line":146,"column":6},"end":{"line":154,"column":8}},"34":{"start":{"line":157,"column":32},"end":{"line":172,"column":8}},"35":{"start":{"line":175,"column":24},"end":{"line":175,"column":50}},"36":{"start":{"line":176,"column":6},"end":{"line":176,"column":31}},"37":{"start":{"line":176,"column":22},"end":{"line":176,"column":31}},"38":{"start":{"line":178,"column":6},"end":{"line":189,"column":8}},"39":{"start":{"line":192,"column":4},"end":{"line":192,"column":47}},"40":{"start":{"line":196,"column":2},"end":{"line":200,"column":5}},"41":{"start":{"line":197,"column":18},"end":{"line":197,"column":90}},"42":{"start":{"line":198,"column":18},"end":{"line":198,"column":90}},"43":{"start":{"line":199,"column":4},"end":{"line":199,"column":45}},"44":{"start":{"line":205,"column":23},"end":{"line":207,"column":4}},"45":{"start":{"line":208,"column":2},"end":{"line":208,"column":29}},"46":{"start":{"line":214,"column":24},"end":{"line":219,"column":4}},"47":{"start":{"line":221,"column":2},"end":{"line":223,"column":3}},"48":{"start":{"line":222,"column":4},"end":{"line":222,"column":70}},"49":{"start":{"line":225,"column":2},"end":{"line":237,"column":5}},"50":{"start":{"line":243,"column":27},"end":{"line":256,"column":4}},"51":{"start":{"line":259,"column":2},"end":{"line":263,"column":3}},"52":{"start":{"line":260,"column":4},"end":{"line":260,"column":98}},"53":{"start":{"line":265,"column":2},"end":{"line":293,"column":5}},"54":{"start":{"line":298,"column":2},"end":{"line":301,"column":39}},"55":{"start":{"line":304,"column":2},"end":{"line":306,"column":5}},"56":{"start":{"line":312,"column":2},"end":{"line":315,"column":44}},"57":{"start":{"line":321,"column":31},"end":{"line":326,"column":4}},"58":{"start":{"line":328,"column":2},"end":{"line":330,"column":3}},"59":{"start":{"line":329,"column":4},"end":{"line":329,"column":32}},"60":{"start":{"line":333,"column":16},"end":{"line":338,"column":4}},"61":{"start":{"line":340,"column":2},"end":{"line":342,"column":3}},"62":{"start":{"line":341,"column":4},"end":{"line":341,"column":58}},"63":{"start":{"line":345,"column":43},"end":{"line":351,"column":4}},"64":{"start":{"line":353,"column":32},"end":{"line":355,"column":16}},"65":{"start":{"line":358,"column":54},"end":{"line":362,"column":4}},"66":{"start":{"line":364,"column":2},"end":{"line":365,"column":29}},"67":{"start":{"line":367,"column":2},"end":{"line":367,"column":29}},"68":{"start":{"line":373,"column":30},"end":{"line":378,"column":4}},"69":{"start":{"line":380,"column":2},"end":{"line":383,"column":3}},"70":{"start":{"line":382,"column":4},"end":{"line":382,"column":11}},"71":{"start":{"line":386,"column":23},"end":{"line":388,"column":4}},"72":{"start":{"line":390,"column":2},"end":{"line":392,"column":3}},"73":{"start":{"line":391,"column":4},"end":{"line":391,"column":72}},"74":{"start":{"line":395,"column":15},"end":{"line":397,"column":4}},"75":{"start":{"line":399,"column":2},"end":{"line":401,"column":3}},"76":{"start":{"line":400,"column":4},"end":{"line":400,"column":56}},"77":{"start":{"line":404,"column":53},"end":{"line":408,"column":4}},"78":{"start":{"line":410,"column":2},"end":{"line":411,"column":28}},"79":{"start":{"line":415,"column":13},"end":{"line":415,"column":61}},"80":{"start":{"line":418,"column":48},"end":{"line":467,"column":null}},"81":{"start":{"line":424,"column":24},"end":{"line":429,"column":4}},"82":{"start":{"line":431,"column":2},"end":{"line":433,"column":3}},"83":{"start":{"line":432,"column":4},"end":{"line":432,"column":70}},"84":{"start":{"line":436,"column":33},"end":{"line":444,"column":4}},"85":{"start":{"line":446,"column":17},"end":{"line":446,"column":73}},"86":{"start":{"line":449,"column":17},"end":{"line":456,"column":4}},"87":{"start":{"line":459,"column":2},"end":{"line":464,"column":3}},"88":{"start":{"line":460,"column":4},"end":{"line":463,"column":7}},"89":{"start":{"line":466,"column":2},"end":{"line":466,"column":16}}},"fnMap":{"0":{"name":"sendMessage","decl":{"start":{"line":19,"column":22},"end":{"line":19,"column":33}},"loc":{"start":{"line":19,"column":33},"end":{"line":77,"column":null}}},"1":{"name":"(anonymous_8)","decl":{"start":{"line":19,"column":34},"end":{"line":19,"column":36}},"loc":{"start":{"line":23,"column":1},"end":{"line":77,"column":1}}},"2":{"name":"getConversations","decl":{"start":{"line":80,"column":22},"end":{"line":80,"column":38}},"loc":{"start":{"line":80,"column":53},"end":{"line":201,"column":null}}},"3":{"name":"(anonymous_11)","decl":{"start":{"line":196,"column":34},"end":{"line":196,"column":35}},"loc":{"start":{"line":196,"column":43},"end":{"line":200,"column":3}}},"4":{"name":"getConversationParticipantCount","decl":{"start":{"line":204,"column":15},"end":{"line":204,"column":46}},"loc":{"start":{"line":204,"column":69},"end":{"line":209,"column":null}}},"5":{"name":"getConversationMessages","decl":{"start":{"line":212,"column":22},"end":{"line":212,"column":45}},"loc":{"start":{"line":212,"column":84},"end":{"line":238,"column":null}}},"6":{"name":"getMessages","decl":{"start":{"line":241,"column":22},"end":{"line":241,"column":33}},"loc":{"start":{"line":241,"column":65},"end":{"line":294,"column":null}}},"7":{"name":"markMessageAsRead","decl":{"start":{"line":297,"column":22},"end":{"line":297,"column":39}},"loc":{"start":{"line":297,"column":57},"end":{"line":307,"column":null}}},"8":{"name":"markAllMessagesAsRead","decl":{"start":{"line":310,"column":22},"end":{"line":310,"column":43}},"loc":{"start":{"line":310,"column":58},"end":{"line":316,"column":null}}},"9":{"name":"getOrCreateEventGroupChat","decl":{"start":{"line":319,"column":22},"end":{"line":319,"column":47}},"loc":{"start":{"line":319,"column":79},"end":{"line":368,"column":null}}},"10":{"name":"addUserToEventGroupChat","decl":{"start":{"line":371,"column":22},"end":{"line":371,"column":45}},"loc":{"start":{"line":371,"column":84},"end":{"line":412,"column":null}}},"11":{"name":"sendMessageToConversation","decl":{"start":{"line":418,"column":22},"end":{"line":418,"column":47}},"loc":{"start":{"line":418,"column":47},"end":{"line":467,"column":null}}},"12":{"name":"(anonymous_27)","decl":{"start":{"line":418,"column":48},"end":{"line":418,"column":50}},"loc":{"start":{"line":422,"column":1},"end":{"line":467,"column":1}}}},"branchMap":{"0":{"loc":{"start":{"line":41,"column":2},"end":{"line":45,"column":3}},"type":"if","locations":[{"start":{"line":41,"column":2},"end":{"line":45,"column":3}}]},"1":{"loc":{"start":{"line":69,"column":2},"end":{"line":74,"column":3}},"type":"if","locations":[{"start":{"line":69,"column":2},"end":{"line":74,"column":3}}]},"2":{"loc":{"start":{"line":69,"column":6},"end":{"line":69,"column":33}},"type":"binary-expr","locations":[{"start":{"line":69,"column":6},"end":{"line":69,"column":23}},{"start":{"line":69,"column":27},"end":{"line":69,"column":33}}]},"3":{"loc":{"start":{"line":112,"column":4},"end":{"line":112,"column":32}},"type":"if","locations":[{"start":{"line":112,"column":4},"end":{"line":112,"column":32}}]},"4":{"loc":{"start":{"line":131,"column":4},"end":{"line":131,"column":33}},"type":"if","locations":[{"start":{"line":131,"column":4},"end":{"line":131,"column":33}}]},"5":{"loc":{"start":{"line":144,"column":4},"end":{"line":190,"column":5}},"type":"if","locations":[{"start":{"line":144,"column":4},"end":{"line":190,"column":5}},{"start":{"line":155,"column":11},"end":{"line":190,"column":5}}]},"6":{"loc":{"start":{"line":149,"column":15},"end":{"line":149,"column":124}},"type":"binary-expr","locations":[{"start":{"line":149,"column":15},"end":{"line":149,"column":33}},{"start":{"line":149,"column":38},"end":{"line":149,"column":123}}]},"7":{"loc":{"start":{"line":149,"column":38},"end":{"line":149,"column":123}},"type":"cond-expr","locations":[{"start":{"line":149,"column":66},"end":{"line":149,"column":108}},{"start":{"line":149,"column":111},"end":{"line":149,"column":123}}]},"8":{"loc":{"start":{"line":149,"column":38},"end":{"line":149,"column":63}},"type":"cond-expr","locations":[{"start":{"line":149,"column":56},"end":{"line":149,"column":58}},{"start":{"line":149,"column":56},"end":{"line":149,"column":63}}]},"9":{"loc":{"start":{"line":149,"column":38},"end":{"line":149,"column":58}},"type":"binary-expr","locations":[{"start":{"line":149,"column":38},"end":{"line":149,"column":58}},{"start":{"line":149,"column":56},"end":{"line":149,"column":58}}]},"10":{"loc":{"start":{"line":175,"column":24},"end":{"line":175,"column":50}},"type":"cond-expr","locations":[{"start":{"line":175,"column":44},"end":{"line":175,"column":46}},{"start":{"line":175,"column":44},"end":{"line":175,"column":50}}]},"11":{"loc":{"start":{"line":175,"column":24},"end":{"line":175,"column":46}},"type":"binary-expr","locations":[{"start":{"line":175,"column":24},"end":{"line":175,"column":46}},{"start":{"line":175,"column":44},"end":{"line":175,"column":46}}]},"12":{"loc":{"start":{"line":176,"column":6},"end":{"line":176,"column":31}},"type":"if","locations":[{"start":{"line":176,"column":6},"end":{"line":176,"column":31}}]},"13":{"loc":{"start":{"line":197,"column":18},"end":{"line":197,"column":90}},"type":"cond-expr","locations":[{"start":{"line":197,"column":44},"end":{"line":197,"column":77}},{"start":{"line":197,"column":80},"end":{"line":197,"column":90}}]},"14":{"loc":{"start":{"line":198,"column":18},"end":{"line":198,"column":90}},"type":"cond-expr","locations":[{"start":{"line":198,"column":44},"end":{"line":198,"column":77}},{"start":{"line":198,"column":80},"end":{"line":198,"column":90}}]},"15":{"loc":{"start":{"line":221,"column":2},"end":{"line":223,"column":3}},"type":"if","locations":[{"start":{"line":221,"column":2},"end":{"line":223,"column":3}}]},"16":{"loc":{"start":{"line":259,"column":2},"end":{"line":263,"column":3}},"type":"if","locations":[{"start":{"line":259,"column":2},"end":{"line":263,"column":3}}]},"17":{"loc":{"start":{"line":328,"column":2},"end":{"line":330,"column":3}},"type":"if","locations":[{"start":{"line":328,"column":2},"end":{"line":330,"column":3}}]},"18":{"loc":{"start":{"line":340,"column":2},"end":{"line":342,"column":3}},"type":"if","locations":[{"start":{"line":340,"column":2},"end":{"line":342,"column":3}}]},"19":{"loc":{"start":{"line":380,"column":2},"end":{"line":383,"column":3}},"type":"if","locations":[{"start":{"line":380,"column":2},"end":{"line":383,"column":3}}]},"20":{"loc":{"start":{"line":390,"column":2},"end":{"line":392,"column":3}},"type":"if","locations":[{"start":{"line":390,"column":2},"end":{"line":392,"column":3}}]},"21":{"loc":{"start":{"line":399,"column":2},"end":{"line":401,"column":3}},"type":"if","locations":[{"start":{"line":399,"column":2},"end":{"line":401,"column":3}}]},"22":{"loc":{"start":{"line":431,"column":2},"end":{"line":433,"column":3}},"type":"if","locations":[{"start":{"line":431,"column":2},"end":{"line":433,"column":3}}]},"23":{"loc":{"start":{"line":459,"column":2},"end":{"line":464,"column":3}},"type":"if","locations":[{"start":{"line":459,"column":2},"end":{"line":464,"column":3}}]},"24":{"loc":{"start":{"line":459,"column":6},"end":{"line":459,"column":33}},"type":"binary-expr","locations":[{"start":{"line":459,"column":6},"end":{"line":459,"column":23}},{"start":{"line":459,"column":27},"end":{"line":459,"column":33}}]}},"s":{"0":1,"1":1,"2":1,"3":1,"4":1,"5":1,"6":1,"7":1,"8":1,"9":1,"10":1,"11":1,"12":0,"13":0,"14":0,"15":0,"16":0,"17":0,"18":0,"19":0,"20":0,"21":0,"22":0,"23":0,"24":0,"25":0,"26":0,"27":0,"28":0,"29":0,"30":0,"31":0,"32":0,"33":0,"34":0,"35":0,"36":0,"37":0,"38":0,"39":0,"40":0,"41":0,"42":0,"43":0,"44":0,"45":0,"46":0,"47":0,"48":0,"49":0,"50":0,"51":0,"52":0,"53":0,"54":0,"55":0,"56":0,"57":5,"58":5,"59":1,"60":4,"61":4,"62":0,"63":4,"64":4,"65":4,"66":4,"67":4,"68":5,"69":5,"70":0,"71":5,"72":5,"73":0,"74":5,"75":5,"76":0,"77":5,"78":5,"79":1,"80":0,"81":0,"82":0,"83":0,"84":0,"85":0,"86":0,"87":0,"88":0,"89":0},"f":{"0":0,"1":0,"2":0,"3":0,"4":0,"5":0,"6":0,"7":0,"8":0,"9":5,"10":5,"11":0,"12":0},"b":{"0":[0],"1":[0],"2":[0,0],"3":[0],"4":[0],"5":[0,0],"6":[0,0],"7":[0,0],"8":[0,0],"9":[0,0],"10":[0,0],"11":[0,0],"12":[0],"13":[0,0],"14":[0,0],"15":[0],"16":[0],"17":[1],"18":[0],"19":[0],"20":[0],"21":[0],"22":[0],"23":[0],"24":[0,0]}}
}
