TN:
SF:db/index.ts
FNF:0
FNH:0
DA:1,1
DA:2,1
DA:3,1
DA:5,1
DA:6,0
DA:12,1
DA:14,1
LF:7
LH:6
BRDA:5,0,0,0
BRF:1
BRH:0
end_of_record
TN:
SF:db/schema.ts
FN:55,(anonymous_0)
FN:74,(anonymous_1)
FN:75,(anonymous_2)
FN:94,(anonymous_3)
FN:96,(anonymous_4)
FN:101,(anonymous_5)
FN:102,(anonymous_6)
FN:105,(anonymous_7)
FN:113,(anonymous_8)
FN:114,(anonymous_9)
FN:115,(anonymous_10)
FN:124,(anonymous_11)
FN:125,(anonymous_12)
FN:128,(anonymous_13)
FN:137,(anonymous_14)
FN:143,(anonymous_15)
FN:150,(anonymous_16)
FN:168,(anonymous_17)
FN:171,(anonymous_18)
FN:187,(anonymous_19)
FN:205,(anonymous_20)
FN:206,(anonymous_21)
FN:221,(anonymous_22)
FN:240,(anonymous_23)
FN:249,(anonymous_24)
FN:264,(anonymous_25)
FN:280,(anonymous_26)
FN:294,(anonymous_27)
FN:305,(anonymous_28)
FN:318,(anonymous_29)
FN:330,(anonymous_30)
FN:338,(anonymous_31)
FN:350,(anonymous_32)
FN:359,(anonymous_33)
FNF:34
FNH:14
FNDA:0,(anonymous_0)
FNDA:0,(anonymous_1)
FNDA:0,(anonymous_2)
FNDA:0,(anonymous_3)
FNDA:0,(anonymous_4)
FNDA:0,(anonymous_5)
FNDA:0,(anonymous_6)
FNDA:1,(anonymous_7)
FNDA:0,(anonymous_8)
FNDA:0,(anonymous_9)
FNDA:0,(anonymous_10)
FNDA:0,(anonymous_11)
FNDA:0,(anonymous_12)
FNDA:1,(anonymous_13)
FNDA:0,(anonymous_14)
FNDA:0,(anonymous_15)
FNDA:0,(anonymous_16)
FNDA:0,(anonymous_17)
FNDA:0,(anonymous_18)
FNDA:0,(anonymous_19)
FNDA:0,(anonymous_20)
FNDA:0,(anonymous_21)
FNDA:1,(anonymous_22)
FNDA:1,(anonymous_23)
FNDA:1,(anonymous_24)
FNDA:1,(anonymous_25)
FNDA:1,(anonymous_26)
FNDA:1,(anonymous_27)
FNDA:1,(anonymous_28)
FNDA:1,(anonymous_29)
FNDA:1,(anonymous_30)
FNDA:1,(anonymous_31)
FNDA:1,(anonymous_32)
FNDA:1,(anonymous_33)
DA:1,1
DA:2,1
DA:3,1
DA:6,1
DA:39,1
DA:55,0
DA:72,1
DA:74,0
DA:75,0
DA:90,1
DA:94,0
DA:96,0
DA:100,1
DA:101,0
DA:102,0
DA:106,1
DA:111,1
DA:113,0
DA:114,0
DA:115,0
DA:123,1
DA:124,0
DA:125,0
DA:129,1
DA:135,1
DA:137,0
DA:143,0
DA:148,1
DA:150,0
DA:165,1
DA:168,0
DA:171,0
DA:184,1
DA:187,0
DA:203,1
DA:205,0
DA:206,0
DA:221,1
DA:240,1
DA:249,1
DA:264,1
DA:280,1
DA:294,1
DA:305,1
DA:318,1
DA:330,1
DA:338,1
DA:350,1
DA:359,1
DA:371,1
DA:372,1
DA:376,1
DA:377,1
DA:381,1
DA:382,1
DA:387,1
DA:388,1
DA:393,1
DA:394,1
DA:398,1
DA:399,1
DA:403,1
DA:404,1
DA:408,1
DA:409,1
DA:413,1
DA:414,1
DA:419,1
DA:420,1
DA:425,1
DA:426,1
DA:431,1
DA:432,1
LF:73
LH:53
BRF:0
BRH:0
end_of_record
TN:
SF:server/services/messagingService.ts
FN:19,sendMessage
FN:19,(anonymous_8)
FN:80,getConversations
FN:196,(anonymous_11)
FN:204,getConversationParticipantCount
FN:212,getConversationMessages
FN:241,getMessages
FN:297,markMessageAsRead
FN:310,markAllMessagesAsRead
FN:319,getOrCreateEventGroupChat
FN:371,addUserToEventGroupChat
FN:418,sendMessageToConversation
FN:418,(anonymous_27)
FNF:13
FNH:2
FNDA:0,sendMessage
FNDA:0,(anonymous_8)
FNDA:0,getConversations
FNDA:0,(anonymous_11)
FNDA:0,getConversationParticipantCount
FNDA:0,getConversationMessages
FNDA:0,getMessages
FNDA:0,markMessageAsRead
FNDA:0,markAllMessagesAsRead
FNDA:5,getOrCreateEventGroupChat
FNDA:5,addUserToEventGroupChat
FNDA:0,sendMessageToConversation
FNDA:0,(anonymous_27)
DA:1,1
DA:2,1
DA:16,1
DA:19,1
DA:25,0
DA:41,0
DA:42,0
DA:48,0
DA:56,0
DA:59,0
DA:69,0
DA:70,0
DA:76,0
DA:80,1
DA:82,0
DA:106,0
DA:108,0
DA:109,0
DA:112,0
DA:115,0
DA:131,0
DA:134,0
DA:144,0
DA:146,0
DA:157,0
DA:175,0
DA:176,0
DA:178,0
DA:192,0
DA:196,0
DA:197,0
DA:198,0
DA:199,0
DA:205,0
DA:208,0
DA:212,1
DA:214,0
DA:221,0
DA:222,0
DA:225,0
DA:241,1
DA:243,0
DA:259,0
DA:260,0
DA:265,0
DA:297,1
DA:298,0
DA:304,0
DA:310,1
DA:312,0
DA:319,1
DA:321,5
DA:328,5
DA:329,1
DA:333,4
DA:340,4
DA:341,0
DA:345,4
DA:353,4
DA:358,4
DA:364,4
DA:367,4
DA:371,1
DA:373,5
DA:380,5
DA:382,0
DA:386,5
DA:390,5
DA:391,0
DA:395,5
DA:399,5
DA:400,0
DA:404,5
DA:410,5
DA:415,1
DA:418,1
DA:424,0
DA:431,0
DA:432,0
DA:436,0
DA:446,0
DA:449,0
DA:459,0
DA:460,0
DA:466,0
LF:85
LH:31
BRDA:41,0,0,0
BRDA:69,1,0,0
BRDA:69,2,0,0
BRDA:69,2,1,0
BRDA:112,3,0,0
BRDA:131,4,0,0
BRDA:144,5,0,0
BRDA:144,5,1,0
BRDA:149,6,0,0
BRDA:149,6,1,0
BRDA:149,7,0,0
BRDA:149,7,1,0
BRDA:149,8,0,0
BRDA:149,8,1,0
BRDA:149,9,0,0
BRDA:149,9,1,0
BRDA:175,10,0,0
BRDA:175,10,1,0
BRDA:175,11,0,0
BRDA:175,11,1,0
BRDA:176,12,0,0
BRDA:197,13,0,0
BRDA:197,13,1,0
BRDA:198,14,0,0
BRDA:198,14,1,0
BRDA:221,15,0,0
BRDA:259,16,0,0
BRDA:328,17,0,1
BRDA:340,18,0,0
BRDA:380,19,0,0
BRDA:390,20,0,0
BRDA:399,21,0,0
BRDA:431,22,0,0
BRDA:459,23,0,0
BRDA:459,24,0,0
BRDA:459,24,1,0
BRF:36
BRH:1
end_of_record
